This file contains any messages produced by compilers while
running configure, to aid debugging if configure makes a mistake.

It was created by HTSlib configure 1.9, which was
generated by GNU Autoconf 2.68.  Invocation command line was

  $ ./configure CFLAGS=-fpic --disable-bz2 --disable-lzma --without-libdeflate

## --------- ##
## Platform. ##
## --------- ##

hostname = gpu02
uname -m = x86_64
uname -r = 4.15.0-76-generic
uname -s = Linux
uname -v = #86-Ubuntu SMP Fri Jan 17 17:24:28 UTC 2020

/usr/bin/uname -p = unknown
/bin/uname -X     = unknown

/bin/arch              = unknown
/usr/bin/arch -k       = unknown
/usr/convex/getsysinfo = unknown
/usr/bin/hostinfo      = unknown
/bin/machine           = unknown
/usr/bin/oslevel       = unknown
/bin/universe          = unknown

PATH: /mnt/projects/miles-wgs-wenshan/lindehui/roko_project/roko/roko_venv/bin
PATH: /mnt/projects/miles-wgs-wenshan/lindehui/roko_project/roko/roko_venv/bin
PATH: /home/lindehui/miniconda3/envs/test_env/bin
PATH: /home/lindehui/miniconda3/condabin
PATH: /usr/local/sbin
PATH: /usr/local/bin
PATH: /usr/sbin
PATH: /usr/bin
PATH: /sbin
PATH: /bin
PATH: /usr/games
PATH: /usr/local/games
PATH: /snap/bin
PATH: /home/lindehui/projects/roko_project/racon/build/bin


## ----------- ##
## Core tests. ##
## ----------- ##

configure:2114: checking for x86_64-conda-linux-gnu-gcc
configure:2141: result: /home/lindehui/miniconda3/envs/test_env/bin/x86_64-conda-linux-gnu-cc
configure:2410: checking for C compiler version
configure:2419: /home/lindehui/miniconda3/envs/test_env/bin/x86_64-conda-linux-gnu-cc --version >&5
x86_64-conda-linux-gnu-cc (GCC) 9.4.0
Copyright (C) 2019 Free Software Foundation, Inc.
This is free software; see the source for copying conditions.  There is NO
warranty; not even for MERCHANTABILITY or FITNESS FOR A PARTICULAR PURPOSE.

configure:2430: $? = 0
configure:2419: /home/lindehui/miniconda3/envs/test_env/bin/x86_64-conda-linux-gnu-cc -v >&5
Reading specs from /home/lindehui/miniconda3/envs/test_env/bin/../lib/gcc/x86_64-conda-linux-gnu/9.4.0/specs
COLLECT_GCC=/home/lindehui/miniconda3/envs/test_env/bin/x86_64-conda-linux-gnu-cc
COLLECT_LTO_WRAPPER=/home/lindehui/miniconda3/envs/test_env/bin/../libexec/gcc/x86_64-conda-linux-gnu/9.4.0/lto-wrapper
Target: x86_64-conda-linux-gnu
Configured with: ../configure --prefix=/home/conda/feedstock_root/build_artifacts/gcc_compilers_1634095554843/_h_env_placehold_placehold_placehold_placehold_placehold_placehold_placehold_placehold_placehold_placehold_placehold_placehold_placehold_placehold_placehold_placehold_placehold_placeho --with-slibdir=/home/conda/feedstock_root/build_artifacts/gcc_compilers_1634095554843/_h_env_placehold_placehold_placehold_placehold_placehold_placehold_placehold_placehold_placehold_placehold_placehold_placehold_placehold_placehold_placehold_placehold_placehold_placeho/lib --libdir=/home/conda/feedstock_root/build_artifacts/gcc_compilers_1634095554843/_h_env_placehold_placehold_placehold_placehold_placehold_placehold_placehold_placehold_placehold_placehold_placehold_placehold_placehold_placehold_placehold_placehold_placehold_placeho/lib --build=x86_64-conda-linux-gnu --host=x86_64-conda-linux-gnu --target=x86_64-conda-linux-gnu --enable-default-pie --enable-languages=c,c++,fortran,objc,obj-c++ --enable-__cxa_atexit --disable-libmudflap --enable-libgomp --disable-libssp --enable-libquadmath --enable-libquadmath-support --enable-libsanitizer --enable-lto --enable-threads=posix --enable-target-optspace --enable-plugin --enable-gold --disable-nls --disable-bootstrap --disable-multilib --enable-long-long --enable-default-pie --with-sysroot=/home/conda/feedstock_root/build_artifacts/gcc_compilers_1634095554843/_h_env_placehold_placehold_placehold_placehold_placehold_placehold_placehold_placehold_placehold_placehold_placehold_placehold_placehold_placehold_placehold_placehold_placehold_placeho/x86_64-conda-linux-gnu/sysroot --with-build-sysroot=/home/conda/feedstock_root/build_artifacts/gcc_compilers_1634095554843/_build_env/x86_64-conda-linux-gnu/sysroot --with-gxx-include-dir=/home/conda/feedstock_root/build_artifacts/gcc_compilers_1634095554843/_h_env_placehold_placehold_placehold_placehold_placehold_placehold_placehold_placehold_placehold_placehold_placehold_placehold_placehold_placehold_placehold_placehold_placehold_placeho/x86_64-conda-linux-gnu/include/c++/9.4.0
Thread model: posix
gcc version 9.4.0 (GCC) 
configure:2430: $? = 0
configure:2419: /home/lindehui/miniconda3/envs/test_env/bin/x86_64-conda-linux-gnu-cc -V >&5
x86_64-conda-linux-gnu-cc: error: unrecognized command line option '-V'
x86_64-conda-linux-gnu-cc: fatal error: no input files
compilation terminated.
configure:2430: $? = 1
configure:2419: /home/lindehui/miniconda3/envs/test_env/bin/x86_64-conda-linux-gnu-cc -qversion >&5
x86_64-conda-linux-gnu-cc: error: unrecognized command line option '-qversion'; did you mean '--version'?
x86_64-conda-linux-gnu-cc: fatal error: no input files
compilation terminated.
configure:2430: $? = 1
configure:2450: checking whether the C compiler works
configure:2472: /home/lindehui/miniconda3/envs/test_env/bin/x86_64-conda-linux-gnu-cc -fpic -DNDEBUG -D_FORTIFY_SOURCE=2 -O2 -isystem /home/lindehui/miniconda3/envs/test_env/include -Wl,-O2 -Wl,--sort-common -Wl,--as-needed -Wl,-z,relro -Wl,-z,now -Wl,--disable-new-dtags -Wl,--gc-sections -Wl,-rpath,/home/lindehui/miniconda3/envs/test_env/lib -Wl,-rpath-link,/home/lindehui/miniconda3/envs/test_env/lib -L/home/lindehui/miniconda3/envs/test_env/lib conftest.c  >&5
configure:2476: $? = 0
configure:2524: result: yes
configure:2527: checking for C compiler default output file name
configure:2529: result: a.out
configure:2535: checking for suffix of executables
configure:2542: /home/lindehui/miniconda3/envs/test_env/bin/x86_64-conda-linux-gnu-cc -o conftest -fpic -DNDEBUG -D_FORTIFY_SOURCE=2 -O2 -isystem /home/lindehui/miniconda3/envs/test_env/include -Wl,-O2 -Wl,--sort-common -Wl,--as-needed -Wl,-z,relro -Wl,-z,now -Wl,--disable-new-dtags -Wl,--gc-sections -Wl,-rpath,/home/lindehui/miniconda3/envs/test_env/lib -Wl,-rpath-link,/home/lindehui/miniconda3/envs/test_env/lib -L/home/lindehui/miniconda3/envs/test_env/lib conftest.c  >&5
configure:2546: $? = 0
configure:2568: result: 
configure:2590: checking whether we are cross compiling
configure:2598: /home/lindehui/miniconda3/envs/test_env/bin/x86_64-conda-linux-gnu-cc -o conftest -fpic -DNDEBUG -D_FORTIFY_SOURCE=2 -O2 -isystem /home/lindehui/miniconda3/envs/test_env/include -Wl,-O2 -Wl,--sort-common -Wl,--as-needed -Wl,-z,relro -Wl,-z,now -Wl,--disable-new-dtags -Wl,--gc-sections -Wl,-rpath,/home/lindehui/miniconda3/envs/test_env/lib -Wl,-rpath-link,/home/lindehui/miniconda3/envs/test_env/lib -L/home/lindehui/miniconda3/envs/test_env/lib conftest.c  >&5
configure:2602: $? = 0
configure:2609: ./conftest
configure:2613: $? = 0
configure:2628: result: no
configure:2633: checking for suffix of object files
configure:2655: /home/lindehui/miniconda3/envs/test_env/bin/x86_64-conda-linux-gnu-cc -c -fpic -DNDEBUG -D_FORTIFY_SOURCE=2 -O2 -isystem /home/lindehui/miniconda3/envs/test_env/include conftest.c >&5
configure:2659: $? = 0
configure:2680: result: o
configure:2684: checking whether we are using the GNU C compiler
configure:2703: /home/lindehui/miniconda3/envs/test_env/bin/x86_64-conda-linux-gnu-cc -c -fpic -DNDEBUG -D_FORTIFY_SOURCE=2 -O2 -isystem /home/lindehui/miniconda3/envs/test_env/include conftest.c >&5
configure:2703: $? = 0
configure:2712: result: yes
configure:2721: checking whether /home/lindehui/miniconda3/envs/test_env/bin/x86_64-conda-linux-gnu-cc accepts -g
configure:2741: /home/lindehui/miniconda3/envs/test_env/bin/x86_64-conda-linux-gnu-cc -c -g -DNDEBUG -D_FORTIFY_SOURCE=2 -O2 -isystem /home/lindehui/miniconda3/envs/test_env/include conftest.c >&5
configure:2741: $? = 0
configure:2782: result: yes
configure:2799: checking for /home/lindehui/miniconda3/envs/test_env/bin/x86_64-conda-linux-gnu-cc option to accept ISO C89
configure:2863: /home/lindehui/miniconda3/envs/test_env/bin/x86_64-conda-linux-gnu-cc  -c -fpic -DNDEBUG -D_FORTIFY_SOURCE=2 -O2 -isystem /home/lindehui/miniconda3/envs/test_env/include conftest.c >&5
configure:2863: $? = 0
configure:2876: result: none needed
configure:2899: checking for x86_64-conda-linux-gnu-ranlib
configure:2926: result: /home/lindehui/miniconda3/envs/test_env/bin/x86_64-conda-linux-gnu-ranlib
configure:2989: checking for grep that handles long lines and -e
configure:3047: result: /bin/grep
configure:3072: checking for C compiler warning flags
configure:3185: result: -Wall
configure:3302: checking for special C compiler options needed for large files
configure:3347: result: no
configure:3353: checking for _FILE_OFFSET_BITS value needed for large files
configure:3378: /home/lindehui/miniconda3/envs/test_env/bin/x86_64-conda-linux-gnu-cc -c  -Wall -fpic -DNDEBUG -D_FORTIFY_SOURCE=2 -O2 -isystem /home/lindehui/miniconda3/envs/test_env/include conftest.c >&5
configure:3378: $? = 0
configure:3410: result: no
configure:3493: checking for _LARGEFILE_SOURCE value needed for large files
configure:3512: /home/lindehui/miniconda3/envs/test_env/bin/x86_64-conda-linux-gnu-cc -o conftest  -Wall -fpic -DNDEBUG -D_FORTIFY_SOURCE=2 -O2 -isystem /home/lindehui/miniconda3/envs/test_env/include -Wl,-O2 -Wl,--sort-common -Wl,--as-needed -Wl,-z,relro -Wl,-z,now -Wl,--disable-new-dtags -Wl,--gc-sections -Wl,-rpath,/home/lindehui/miniconda3/envs/test_env/lib -Wl,-rpath-link,/home/lindehui/miniconda3/envs/test_env/lib -L/home/lindehui/miniconda3/envs/test_env/lib conftest.c  >&5
configure:3512: $? = 0
configure:3540: result: no
configure:3642: checking shared library type for x86_64-conda-linux-gnu
configure:3670: result: plain .so
configure:3679: checking how to run the C preprocessor
configure:3749: result: /home/lindehui/miniconda3/envs/test_env/bin/x86_64-conda-linux-gnu-cpp
configure:3769: /home/lindehui/miniconda3/envs/test_env/bin/x86_64-conda-linux-gnu-cpp -DNDEBUG -D_FORTIFY_SOURCE=2 -O2 -isystem /home/lindehui/miniconda3/envs/test_env/include conftest.c
configure:3769: $? = 0
configure:3783: /home/lindehui/miniconda3/envs/test_env/bin/x86_64-conda-linux-gnu-cpp -DNDEBUG -D_FORTIFY_SOURCE=2 -O2 -isystem /home/lindehui/miniconda3/envs/test_env/include conftest.c
conftest.c:10:10: fatal error: ac_nonexistent.h: No such file or directory
   10 | #include <ac_nonexistent.h>
      |          ^~~~~~~~~~~~~~~~~~
compilation terminated.
configure:3783: $? = 1
configure: failed program was:
| /* confdefs.h */
| #define PACKAGE_NAME "HTSlib"
| #define PACKAGE_TARNAME "htslib"
| #define PACKAGE_VERSION "1.9"
| #define PACKAGE_STRING "HTSlib 1.9"
| #define PACKAGE_BUGREPORT "samtools-help@lists.sourceforge.net"
| #define PACKAGE_URL "http://www.htslib.org/"
| #define HAVE_FSEEKO 1
| /* end confdefs.h.  */
| #include <ac_nonexistent.h>
configure:3812: checking for egrep
configure:3874: result: /bin/grep -E
configure:3879: checking for ANSI C header files
configure:3899: /home/lindehui/miniconda3/envs/test_env/bin/x86_64-conda-linux-gnu-cc -c  -Wall -fpic -DNDEBUG -D_FORTIFY_SOURCE=2 -O2 -isystem /home/lindehui/miniconda3/envs/test_env/include conftest.c >&5
configure:3899: $? = 0
configure:3972: /home/lindehui/miniconda3/envs/test_env/bin/x86_64-conda-linux-gnu-cc -o conftest  -Wall -fpic -DNDEBUG -D_FORTIFY_SOURCE=2 -O2 -isystem /home/lindehui/miniconda3/envs/test_env/include -Wl,-O2 -Wl,--sort-common -Wl,--as-needed -Wl,-z,relro -Wl,-z,now -Wl,--disable-new-dtags -Wl,--gc-sections -Wl,-rpath,/home/lindehui/miniconda3/envs/test_env/lib -Wl,-rpath-link,/home/lindehui/miniconda3/envs/test_env/lib -L/home/lindehui/miniconda3/envs/test_env/lib conftest.c  >&5
configure:3972: $? = 0
configure:3972: ./conftest
configure:3972: $? = 0
configure:3983: result: yes
configure:3996: checking for sys/types.h
configure:3996: /home/lindehui/miniconda3/envs/test_env/bin/x86_64-conda-linux-gnu-cc -c  -Wall -fpic -DNDEBUG -D_FORTIFY_SOURCE=2 -O2 -isystem /home/lindehui/miniconda3/envs/test_env/include conftest.c >&5
configure:3996: $? = 0
configure:3996: result: yes
configure:3996: checking for sys/stat.h
configure:3996: /home/lindehui/miniconda3/envs/test_env/bin/x86_64-conda-linux-gnu-cc -c  -Wall -fpic -DNDEBUG -D_FORTIFY_SOURCE=2 -O2 -isystem /home/lindehui/miniconda3/envs/test_env/include conftest.c >&5
configure:3996: $? = 0
configure:3996: result: yes
configure:3996: checking for stdlib.h
configure:3996: /home/lindehui/miniconda3/envs/test_env/bin/x86_64-conda-linux-gnu-cc -c  -Wall -fpic -DNDEBUG -D_FORTIFY_SOURCE=2 -O2 -isystem /home/lindehui/miniconda3/envs/test_env/include conftest.c >&5
configure:3996: $? = 0
configure:3996: result: yes
configure:3996: checking for string.h
configure:3996: /home/lindehui/miniconda3/envs/test_env/bin/x86_64-conda-linux-gnu-cc -c  -Wall -fpic -DNDEBUG -D_FORTIFY_SOURCE=2 -O2 -isystem /home/lindehui/miniconda3/envs/test_env/include conftest.c >&5
configure:3996: $? = 0
configure:3996: result: yes
configure:3996: checking for memory.h
configure:3996: /home/lindehui/miniconda3/envs/test_env/bin/x86_64-conda-linux-gnu-cc -c  -Wall -fpic -DNDEBUG -D_FORTIFY_SOURCE=2 -O2 -isystem /home/lindehui/miniconda3/envs/test_env/include conftest.c >&5
configure:3996: $? = 0
configure:3996: result: yes
configure:3996: checking for strings.h
configure:3996: /home/lindehui/miniconda3/envs/test_env/bin/x86_64-conda-linux-gnu-cc -c  -Wall -fpic -DNDEBUG -D_FORTIFY_SOURCE=2 -O2 -isystem /home/lindehui/miniconda3/envs/test_env/include conftest.c >&5
configure:3996: $? = 0
configure:3996: result: yes
configure:3996: checking for inttypes.h
configure:3996: /home/lindehui/miniconda3/envs/test_env/bin/x86_64-conda-linux-gnu-cc -c  -Wall -fpic -DNDEBUG -D_FORTIFY_SOURCE=2 -O2 -isystem /home/lindehui/miniconda3/envs/test_env/include conftest.c >&5
configure:3996: $? = 0
configure:3996: result: yes
configure:3996: checking for stdint.h
configure:3996: /home/lindehui/miniconda3/envs/test_env/bin/x86_64-conda-linux-gnu-cc -c  -Wall -fpic -DNDEBUG -D_FORTIFY_SOURCE=2 -O2 -isystem /home/lindehui/miniconda3/envs/test_env/include conftest.c >&5
configure:3996: $? = 0
configure:3996: result: yes
configure:3996: checking for unistd.h
configure:3996: /home/lindehui/miniconda3/envs/test_env/bin/x86_64-conda-linux-gnu-cc -c  -Wall -fpic -DNDEBUG -D_FORTIFY_SOURCE=2 -O2 -isystem /home/lindehui/miniconda3/envs/test_env/include conftest.c >&5
configure:3996: $? = 0
configure:3996: result: yes
configure:4014: checking for stdlib.h
configure:4014: result: yes
configure:4014: checking for unistd.h
configure:4014: result: yes
configure:4014: checking for sys/param.h
configure:4014: /home/lindehui/miniconda3/envs/test_env/bin/x86_64-conda-linux-gnu-cc -c  -Wall -fpic -DNDEBUG -D_FORTIFY_SOURCE=2 -O2 -isystem /home/lindehui/miniconda3/envs/test_env/include conftest.c >&5
configure:4014: $? = 0
configure:4014: result: yes
configure:4034: checking for getpagesize
configure:4034: /home/lindehui/miniconda3/envs/test_env/bin/x86_64-conda-linux-gnu-cc -o conftest  -Wall -fpic -DNDEBUG -D_FORTIFY_SOURCE=2 -O2 -isystem /home/lindehui/miniconda3/envs/test_env/include -Wl,-O2 -Wl,--sort-common -Wl,--as-needed -Wl,-z,relro -Wl,-z,now -Wl,--disable-new-dtags -Wl,--gc-sections -Wl,-rpath,/home/lindehui/miniconda3/envs/test_env/lib -Wl,-rpath-link,/home/lindehui/miniconda3/envs/test_env/lib -L/home/lindehui/miniconda3/envs/test_env/lib conftest.c  >&5
configure:4034: $? = 0
configure:4034: result: yes
configure:4043: checking for working mmap
configure:4190: /home/lindehui/miniconda3/envs/test_env/bin/x86_64-conda-linux-gnu-cc -o conftest  -Wall -fpic -DNDEBUG -D_FORTIFY_SOURCE=2 -O2 -isystem /home/lindehui/miniconda3/envs/test_env/include -Wl,-O2 -Wl,--sort-common -Wl,--as-needed -Wl,-z,relro -Wl,-z,now -Wl,--disable-new-dtags -Wl,--gc-sections -Wl,-rpath,/home/lindehui/miniconda3/envs/test_env/lib -Wl,-rpath-link,/home/lindehui/miniconda3/envs/test_env/lib -L/home/lindehui/miniconda3/envs/test_env/lib conftest.c  >&5
configure:4190: $? = 0
configure:4190: ./conftest
configure:4190: $? = 0
configure:4200: result: yes
configure:4212: checking for gmtime_r
configure:4212: /home/lindehui/miniconda3/envs/test_env/bin/x86_64-conda-linux-gnu-cc -o conftest  -Wall -fpic -DNDEBUG -D_FORTIFY_SOURCE=2 -O2 -isystem /home/lindehui/miniconda3/envs/test_env/include -Wl,-O2 -Wl,--sort-common -Wl,--as-needed -Wl,-z,relro -Wl,-z,now -Wl,--disable-new-dtags -Wl,--gc-sections -Wl,-rpath,/home/lindehui/miniconda3/envs/test_env/lib -Wl,-rpath-link,/home/lindehui/miniconda3/envs/test_env/lib -L/home/lindehui/miniconda3/envs/test_env/lib conftest.c  >&5
configure:4212: $? = 0
configure:4212: result: yes
configure:4212: checking for fsync
configure:4212: /home/lindehui/miniconda3/envs/test_env/bin/x86_64-conda-linux-gnu-cc -o conftest  -Wall -fpic -DNDEBUG -D_FORTIFY_SOURCE=2 -O2 -isystem /home/lindehui/miniconda3/envs/test_env/include -Wl,-O2 -Wl,--sort-common -Wl,--as-needed -Wl,-z,relro -Wl,-z,now -Wl,--disable-new-dtags -Wl,--gc-sections -Wl,-rpath,/home/lindehui/miniconda3/envs/test_env/lib -Wl,-rpath-link,/home/lindehui/miniconda3/envs/test_env/lib -L/home/lindehui/miniconda3/envs/test_env/lib conftest.c  >&5
configure:4212: $? = 0
configure:4212: result: yes
configure:4212: checking for drand48
configure:4212: /home/lindehui/miniconda3/envs/test_env/bin/x86_64-conda-linux-gnu-cc -o conftest  -Wall -fpic -DNDEBUG -D_FORTIFY_SOURCE=2 -O2 -isystem /home/lindehui/miniconda3/envs/test_env/include -Wl,-O2 -Wl,--sort-common -Wl,--as-needed -Wl,-z,relro -Wl,-z,now -Wl,--disable-new-dtags -Wl,--gc-sections -Wl,-rpath,/home/lindehui/miniconda3/envs/test_env/lib -Wl,-rpath-link,/home/lindehui/miniconda3/envs/test_env/lib -L/home/lindehui/miniconda3/envs/test_env/lib conftest.c  >&5
configure:4212: $? = 0
configure:4212: result: yes
configure:4224: checking whether fdatasync is declared
configure:4224: /home/lindehui/miniconda3/envs/test_env/bin/x86_64-conda-linux-gnu-cc -c  -Wall -fpic -DNDEBUG -D_FORTIFY_SOURCE=2 -O2 -isystem /home/lindehui/miniconda3/envs/test_env/include conftest.c >&5
configure:4224: $? = 0
configure:4224: result: yes
configure:4228: checking for fdatasync
configure:4228: /home/lindehui/miniconda3/envs/test_env/bin/x86_64-conda-linux-gnu-cc -o conftest  -Wall -fpic -DNDEBUG -D_FORTIFY_SOURCE=2 -O2 -isystem /home/lindehui/miniconda3/envs/test_env/include -Wl,-O2 -Wl,--sort-common -Wl,--as-needed -Wl,-z,relro -Wl,-z,now -Wl,--disable-new-dtags -Wl,--gc-sections -Wl,-rpath,/home/lindehui/miniconda3/envs/test_env/lib -Wl,-rpath-link,/home/lindehui/miniconda3/envs/test_env/lib -L/home/lindehui/miniconda3/envs/test_env/lib conftest.c  >&5
configure:4228: $? = 0
configure:4228: result: yes
configure:4324: checking for library containing log
configure:4355: /home/lindehui/miniconda3/envs/test_env/bin/x86_64-conda-linux-gnu-cc -o conftest  -Wall -fpic -DNDEBUG -D_FORTIFY_SOURCE=2 -O2 -isystem /home/lindehui/miniconda3/envs/test_env/include -Wl,-O2 -Wl,--sort-common -Wl,--as-needed -Wl,-z,relro -Wl,-z,now -Wl,--disable-new-dtags -Wl,--gc-sections -Wl,-rpath,/home/lindehui/miniconda3/envs/test_env/lib -Wl,-rpath-link,/home/lindehui/miniconda3/envs/test_env/lib -L/home/lindehui/miniconda3/envs/test_env/lib conftest.c  >&5
conftest.c:36:6: warning: conflicting types for built-in function 'log'; expected 'double(double)' [-Wbuiltin-declaration-mismatch]
   36 | char log ();
      |      ^~~
conftest.c:1:1: note: 'log' is declared in header '<math.h>'
    1 | /* confdefs.h */
/home/lindehui/miniconda3/envs/test_env/bin/../lib/gcc/x86_64-conda-linux-gnu/9.4.0/../../../../x86_64-conda-linux-gnu/bin/ld: /tmp/ccVIWt96.o: in function `main':
conftest.c:(.text.startup+0x7): undefined reference to `log'
collect2: error: ld returned 1 exit status
configure:4355: $? = 1
configure: failed program was:
| /* confdefs.h */
| #define PACKAGE_NAME "HTSlib"
| #define PACKAGE_TARNAME "htslib"
| #define PACKAGE_VERSION "1.9"
| #define PACKAGE_STRING "HTSlib 1.9"
| #define PACKAGE_BUGREPORT "samtools-help@lists.sourceforge.net"
| #define PACKAGE_URL "http://www.htslib.org/"
| #define HAVE_FSEEKO 1
| #define STDC_HEADERS 1
| #define HAVE_SYS_TYPES_H 1
| #define HAVE_SYS_STAT_H 1
| #define HAVE_STDLIB_H 1
| #define HAVE_STRING_H 1
| #define HAVE_MEMORY_H 1
| #define HAVE_STRINGS_H 1
| #define HAVE_INTTYPES_H 1
| #define HAVE_STDINT_H 1
| #define HAVE_UNISTD_H 1
| #define HAVE_STDLIB_H 1
| #define HAVE_UNISTD_H 1
| #define HAVE_SYS_PARAM_H 1
| #define HAVE_GETPAGESIZE 1
| #define HAVE_MMAP 1
| #define HAVE_GMTIME_R 1
| #define HAVE_FSYNC 1
| #define HAVE_DRAND48 1
| #define HAVE_FDATASYNC 1
| /* end confdefs.h.  */
| 
| /* Override any GCC internal prototype to avoid an error.
|    Use char because int might match the return type of a GCC
|    builtin and then its argument prototype would still apply.  */
| #ifdef __cplusplus
| extern "C"
| #endif
| char log ();
| int
| main ()
| {
| return log ();
|   ;
|   return 0;
| }
configure:4355: /home/lindehui/miniconda3/envs/test_env/bin/x86_64-conda-linux-gnu-cc -o conftest  -Wall -fpic -DNDEBUG -D_FORTIFY_SOURCE=2 -O2 -isystem /home/lindehui/miniconda3/envs/test_env/include -Wl,-O2 -Wl,--sort-common -Wl,--as-needed -Wl,-z,relro -Wl,-z,now -Wl,--disable-new-dtags -Wl,--gc-sections -Wl,-rpath,/home/lindehui/miniconda3/envs/test_env/lib -Wl,-rpath-link,/home/lindehui/miniconda3/envs/test_env/lib -L/home/lindehui/miniconda3/envs/test_env/lib conftest.c -lm   >&5
conftest.c:36:6: warning: conflicting types for built-in function 'log'; expected 'double(double)' [-Wbuiltin-declaration-mismatch]
   36 | char log ();
      |      ^~~
conftest.c:1:1: note: 'log' is declared in header '<math.h>'
    1 | /* confdefs.h */
configure:4355: $? = 0
configure:4372: result: -lm
configure:4392: checking for zlib.h
configure:4392: /home/lindehui/miniconda3/envs/test_env/bin/x86_64-conda-linux-gnu-cc -c  -Wall -fpic -DNDEBUG -D_FORTIFY_SOURCE=2 -O2 -isystem /home/lindehui/miniconda3/envs/test_env/include conftest.c >&5
configure:4392: $? = 0
configure:4392: result: yes
configure:4401: checking for inflate in -lz
configure:4426: /home/lindehui/miniconda3/envs/test_env/bin/x86_64-conda-linux-gnu-cc -o conftest  -Wall -fpic -DNDEBUG -D_FORTIFY_SOURCE=2 -O2 -isystem /home/lindehui/miniconda3/envs/test_env/include -Wl,-O2 -Wl,--sort-common -Wl,--as-needed -Wl,-z,relro -Wl,-z,now -Wl,--disable-new-dtags -Wl,--gc-sections -Wl,-rpath,/home/lindehui/miniconda3/envs/test_env/lib -Wl,-rpath-link,/home/lindehui/miniconda3/envs/test_env/lib -L/home/lindehui/miniconda3/envs/test_env/lib conftest.c -lz  -lm  >&5
configure:4426: $? = 0
configure:4435: result: yes
configure:4466: checking for library containing recv
configure:4497: /home/lindehui/miniconda3/envs/test_env/bin/x86_64-conda-linux-gnu-cc -o conftest  -Wall -fpic -DNDEBUG -D_FORTIFY_SOURCE=2 -O2 -isystem /home/lindehui/miniconda3/envs/test_env/include -Wl,-O2 -Wl,--sort-common -Wl,--as-needed -Wl,-z,relro -Wl,-z,now -Wl,--disable-new-dtags -Wl,--gc-sections -Wl,-rpath,/home/lindehui/miniconda3/envs/test_env/lib -Wl,-rpath-link,/home/lindehui/miniconda3/envs/test_env/lib -L/home/lindehui/miniconda3/envs/test_env/lib conftest.c -lz -lm  >&5
configure:4497: $? = 0
configure:4514: result: none required
configure:4793: checking for curl_easy_pause in -lcurl
configure:4818: /home/lindehui/miniconda3/envs/test_env/bin/x86_64-conda-linux-gnu-cc -o conftest  -Wall -fpic -DNDEBUG -D_FORTIFY_SOURCE=2 -O2 -isystem /home/lindehui/miniconda3/envs/test_env/include -Wl,-O2 -Wl,--sort-common -Wl,--as-needed -Wl,-z,relro -Wl,-z,now -Wl,--disable-new-dtags -Wl,--gc-sections -Wl,-rpath,/home/lindehui/miniconda3/envs/test_env/lib -Wl,-rpath-link,/home/lindehui/miniconda3/envs/test_env/lib -L/home/lindehui/miniconda3/envs/test_env/lib conftest.c -lcurl  -lz -lm  >&5
configure:4818: $? = 0
configure:4827: result: yes
configure:4958: checking for CCHmac
configure:4958: /home/lindehui/miniconda3/envs/test_env/bin/x86_64-conda-linux-gnu-cc -o conftest  -Wall -fpic -DNDEBUG -D_FORTIFY_SOURCE=2 -O2 -isystem /home/lindehui/miniconda3/envs/test_env/include -Wl,-O2 -Wl,--sort-common -Wl,--as-needed -Wl,-z,relro -Wl,-z,now -Wl,--disable-new-dtags -Wl,--gc-sections -Wl,-rpath,/home/lindehui/miniconda3/envs/test_env/lib -Wl,-rpath-link,/home/lindehui/miniconda3/envs/test_env/lib -L/home/lindehui/miniconda3/envs/test_env/lib conftest.c -lz -lm  >&5
/home/lindehui/miniconda3/envs/test_env/bin/../lib/gcc/x86_64-conda-linux-gnu/9.4.0/../../../../x86_64-conda-linux-gnu/bin/ld: /tmp/ccv9xzOA.o: in function `main':
conftest.c:(.text.startup+0x7): undefined reference to `CCHmac'
collect2: error: ld returned 1 exit status
configure:4958: $? = 1
configure: failed program was:
| /* confdefs.h */
| #define PACKAGE_NAME "HTSlib"
| #define PACKAGE_TARNAME "htslib"
| #define PACKAGE_VERSION "1.9"
| #define PACKAGE_STRING "HTSlib 1.9"
| #define PACKAGE_BUGREPORT "samtools-help@lists.sourceforge.net"
| #define PACKAGE_URL "http://www.htslib.org/"
| #define HAVE_FSEEKO 1
| #define STDC_HEADERS 1
| #define HAVE_SYS_TYPES_H 1
| #define HAVE_SYS_STAT_H 1
| #define HAVE_STDLIB_H 1
| #define HAVE_STRING_H 1
| #define HAVE_MEMORY_H 1
| #define HAVE_STRINGS_H 1
| #define HAVE_INTTYPES_H 1
| #define HAVE_STDINT_H 1
| #define HAVE_UNISTD_H 1
| #define HAVE_STDLIB_H 1
| #define HAVE_UNISTD_H 1
| #define HAVE_SYS_PARAM_H 1
| #define HAVE_GETPAGESIZE 1
| #define HAVE_MMAP 1
| #define HAVE_GMTIME_R 1
| #define HAVE_FSYNC 1
| #define HAVE_DRAND48 1
| #define HAVE_FDATASYNC 1
| #define HAVE_LIBZ 1
| #define HAVE_LIBCURL 1
| #define ENABLE_GCS 1
| /* end confdefs.h.  */
| /* Define CCHmac to an innocuous variant, in case <limits.h> declares CCHmac.
|    For example, HP-UX 11i <limits.h> declares gettimeofday.  */
| #define CCHmac innocuous_CCHmac
| 
| /* System header to define __stub macros and hopefully few prototypes,
|     which can conflict with char CCHmac (); below.
|     Prefer <limits.h> to <assert.h> if __STDC__ is defined, since
|     <limits.h> exists even on freestanding compilers.  */
| 
| #ifdef __STDC__
| # include <limits.h>
| #else
| # include <assert.h>
| #endif
| 
| #undef CCHmac
| 
| /* Override any GCC internal prototype to avoid an error.
|    Use char because int might match the return type of a GCC
|    builtin and then its argument prototype would still apply.  */
| #ifdef __cplusplus
| extern "C"
| #endif
| char CCHmac ();
| /* The GNU C library defines this for functions which it implements
|     to always fail with ENOSYS.  Some functions are actually named
|     something starting with __ and the normal name is an alias.  */
| #if defined __stub_CCHmac || defined __stub___CCHmac
| choke me
| #endif
| 
| int
| main ()
| {
| return CCHmac ();
|   ;
|   return 0;
| }
configure:4958: result: no
configure:4965: checking for library containing HMAC
configure:4996: /home/lindehui/miniconda3/envs/test_env/bin/x86_64-conda-linux-gnu-cc -o conftest  -Wall -fpic -DNDEBUG -D_FORTIFY_SOURCE=2 -O2 -isystem /home/lindehui/miniconda3/envs/test_env/include -Wl,-O2 -Wl,--sort-common -Wl,--as-needed -Wl,-z,relro -Wl,-z,now -Wl,--disable-new-dtags -Wl,--gc-sections -Wl,-rpath,/home/lindehui/miniconda3/envs/test_env/lib -Wl,-rpath-link,/home/lindehui/miniconda3/envs/test_env/lib -L/home/lindehui/miniconda3/envs/test_env/lib conftest.c -lz -lm  >&5
/home/lindehui/miniconda3/envs/test_env/bin/../lib/gcc/x86_64-conda-linux-gnu/9.4.0/../../../../x86_64-conda-linux-gnu/bin/ld: /tmp/ccFw7aZJ.o: in function `main':
conftest.c:(.text.startup+0x7): undefined reference to `HMAC'
collect2: error: ld returned 1 exit status
configure:4996: $? = 1
configure: failed program was:
| /* confdefs.h */
| #define PACKAGE_NAME "HTSlib"
| #define PACKAGE_TARNAME "htslib"
| #define PACKAGE_VERSION "1.9"
| #define PACKAGE_STRING "HTSlib 1.9"
| #define PACKAGE_BUGREPORT "samtools-help@lists.sourceforge.net"
| #define PACKAGE_URL "http://www.htslib.org/"
| #define HAVE_FSEEKO 1
| #define STDC_HEADERS 1
| #define HAVE_SYS_TYPES_H 1
| #define HAVE_SYS_STAT_H 1
| #define HAVE_STDLIB_H 1
| #define HAVE_STRING_H 1
| #define HAVE_MEMORY_H 1
| #define HAVE_STRINGS_H 1
| #define HAVE_INTTYPES_H 1
| #define HAVE_STDINT_H 1
| #define HAVE_UNISTD_H 1
| #define HAVE_STDLIB_H 1
| #define HAVE_UNISTD_H 1
| #define HAVE_SYS_PARAM_H 1
| #define HAVE_GETPAGESIZE 1
| #define HAVE_MMAP 1
| #define HAVE_GMTIME_R 1
| #define HAVE_FSYNC 1
| #define HAVE_DRAND48 1
| #define HAVE_FDATASYNC 1
| #define HAVE_LIBZ 1
| #define HAVE_LIBCURL 1
| #define ENABLE_GCS 1
| /* end confdefs.h.  */
| 
| /* Override any GCC internal prototype to avoid an error.
|    Use char because int might match the return type of a GCC
|    builtin and then its argument prototype would still apply.  */
| #ifdef __cplusplus
| extern "C"
| #endif
| char HMAC ();
| int
| main ()
| {
| return HMAC ();
|   ;
|   return 0;
| }
configure:4996: /home/lindehui/miniconda3/envs/test_env/bin/x86_64-conda-linux-gnu-cc -o conftest  -Wall -fpic -DNDEBUG -D_FORTIFY_SOURCE=2 -O2 -isystem /home/lindehui/miniconda3/envs/test_env/include -Wl,-O2 -Wl,--sort-common -Wl,--as-needed -Wl,-z,relro -Wl,-z,now -Wl,--disable-new-dtags -Wl,--gc-sections -Wl,-rpath,/home/lindehui/miniconda3/envs/test_env/lib -Wl,-rpath-link,/home/lindehui/miniconda3/envs/test_env/lib -L/home/lindehui/miniconda3/envs/test_env/lib conftest.c -lcrypto  -lz -lm  >&5
configure:4996: $? = 0
configure:5013: result: -lcrypto
configure:5055: checking whether PTHREAD_MUTEX_RECURSIVE is declared
configure:5055: /home/lindehui/miniconda3/envs/test_env/bin/x86_64-conda-linux-gnu-cc -c  -Wall -fpic -DNDEBUG -D_FORTIFY_SOURCE=2 -O2 -isystem /home/lindehui/miniconda3/envs/test_env/include conftest.c >&5
configure:5055: $? = 0
configure:5055: result: yes
configure:5200: creating ./config.status

## ---------------------- ##
## Running config.status. ##
## ---------------------- ##

This file was extended by HTSlib config.status 1.9, which was
generated by GNU Autoconf 2.68.  Invocation command line was

  CONFIG_FILES    = 
  CONFIG_HEADERS  = 
  CONFIG_LINKS    = 
  CONFIG_COMMANDS = 
  $ ./config.status 

on gpu02

config.status:843: creating config.mk
config.status:843: creating htslib.pc.tmp
config.status:843: creating config.h

## ---------------- ##
## Cache variables. ##
## ---------------- ##

ac_cv_c_compiler_gnu=yes
ac_cv_env_CC_set=set
ac_cv_env_CC_value=/home/lindehui/miniconda3/envs/test_env/bin/x86_64-conda-linux-gnu-cc
ac_cv_env_CFLAGS_set=set
ac_cv_env_CFLAGS_value=-fpic
ac_cv_env_CPPFLAGS_set=set
ac_cv_env_CPPFLAGS_value='-DNDEBUG -D_FORTIFY_SOURCE=2 -O2 -isystem /home/lindehui/miniconda3/envs/test_env/include'
ac_cv_env_CPP_set=set
ac_cv_env_CPP_value=/home/lindehui/miniconda3/envs/test_env/bin/x86_64-conda-linux-gnu-cpp
ac_cv_env_LDFLAGS_set=set
ac_cv_env_LDFLAGS_value='-Wl,-O2 -Wl,--sort-common -Wl,--as-needed -Wl,-z,relro -Wl,-z,now -Wl,--disable-new-dtags -Wl,--gc-sections -Wl,-rpath,/home/lindehui/miniconda3/envs/test_env/lib -Wl,-rpath-link,/home/lindehui/miniconda3/envs/test_env/lib -L/home/lindehui/miniconda3/envs/test_env/lib'
ac_cv_env_LIBS_set=
ac_cv_env_LIBS_value=
ac_cv_env_build_alias_set=set
ac_cv_env_build_alias_value=x86_64-conda-linux-gnu
ac_cv_env_host_alias_set=set
ac_cv_env_host_alias_value=x86_64-conda-linux-gnu
ac_cv_env_target_alias_set=
ac_cv_env_target_alias_value=
ac_cv_func_CCHmac=no
ac_cv_func_drand48=yes
ac_cv_func_fdatasync=yes
ac_cv_func_fsync=yes
ac_cv_func_getpagesize=yes
ac_cv_func_gmtime_r=yes
ac_cv_func_mmap_fixed_mapped=yes
ac_cv_have_decl_PTHREAD_MUTEX_RECURSIVE=yes
ac_cv_have_decl_fdatasync_int_=yes
ac_cv_header_inttypes_h=yes
ac_cv_header_memory_h=yes
ac_cv_header_stdc=yes
ac_cv_header_stdint_h=yes
ac_cv_header_stdlib_h=yes
ac_cv_header_string_h=yes
ac_cv_header_strings_h=yes
ac_cv_header_sys_param_h=yes
ac_cv_header_sys_stat_h=yes
ac_cv_header_sys_types_h=yes
ac_cv_header_unistd_h=yes
ac_cv_header_zlib_h=yes
ac_cv_lib_curl_curl_easy_pause=yes
ac_cv_lib_z_inflate=yes
ac_cv_objext=o
ac_cv_path_EGREP='/bin/grep -E'
ac_cv_path_GREP=/bin/grep
ac_cv_prog_CC=/home/lindehui/miniconda3/envs/test_env/bin/x86_64-conda-linux-gnu-cc
ac_cv_prog_CPP=/home/lindehui/miniconda3/envs/test_env/bin/x86_64-conda-linux-gnu-cpp
ac_cv_prog_RANLIB=/home/lindehui/miniconda3/envs/test_env/bin/x86_64-conda-linux-gnu-ranlib
ac_cv_prog_cc_c89=
ac_cv_prog_cc_g=yes
ac_cv_search_HMAC=-lcrypto
ac_cv_search_log=-lm
ac_cv_search_recv='none required'
ac_cv_sys_file_offset_bits=no
ac_cv_sys_largefile_CC=no
ac_cv_sys_largefile_source=no
hts_cv_prog_cc_warnings=-Wall

## ----------------- ##
## Output variables. ##
## ----------------- ##

CC='/home/lindehui/miniconda3/envs/test_env/bin/x86_64-conda-linux-gnu-cc'
CFLAGS=' -Wall -fpic'
CPP='/home/lindehui/miniconda3/envs/test_env/bin/x86_64-conda-linux-gnu-cpp'
CPPFLAGS='-DNDEBUG -D_FORTIFY_SOURCE=2 -O2 -isystem /home/lindehui/miniconda3/envs/test_env/include'
CRYPTO_LIBS='-lcrypto'
DEFS='-DHAVE_CONFIG_H'
ECHO_C=''
ECHO_N='-n'
ECHO_T=''
EGREP='/bin/grep -E'
EXEEXT=''
GREP='/bin/grep'
LDFLAGS='-Wl,-O2 -Wl,--sort-common -Wl,--as-needed -Wl,-z,relro -Wl,-z,now -Wl,--disable-new-dtags -Wl,--gc-sections -Wl,-rpath,/home/lindehui/miniconda3/envs/test_env/lib -Wl,-rpath-link,/home/lindehui/miniconda3/envs/test_env/lib -L/home/lindehui/miniconda3/envs/test_env/lib'
LIBOBJS=''
LIBS='-lz -lm '
LTLIBOBJS=''
OBJEXT='o'
PACKAGE_BUGREPORT='samtools-help@lists.sourceforge.net'
PACKAGE_NAME='HTSlib'
PACKAGE_STRING='HTSlib 1.9'
PACKAGE_TARNAME='htslib'
PACKAGE_URL='http://www.htslib.org/'
PACKAGE_VERSION='1.9'
PATH_SEPARATOR=':'
PLATFORM='default'
PLUGIN_EXT='.so'
RANLIB='/home/lindehui/miniconda3/envs/test_env/bin/x86_64-conda-linux-gnu-ranlib'
SHELL='/bin/bash'
ac_ct_CC=''
bindir='${exec_prefix}/bin'
build_alias='x86_64-conda-linux-gnu'
datadir='${datarootdir}'
datarootdir='${prefix}/share'
docdir='${datarootdir}/doc/${PACKAGE_TARNAME}'
dvidir='${docdir}'
enable_plugins='no'
exec_prefix='${prefix}'
gcs='enabled'
host_alias='x86_64-conda-linux-gnu'
htmldir='${docdir}'
includedir='${prefix}/include'
infodir='${datarootdir}/info'
libcurl='enabled'
libdir='${exec_prefix}/lib'
libexecdir='${exec_prefix}/libexec'
localedir='${datarootdir}/locale'
localstatedir='${prefix}/var'
mandir='${datarootdir}/man'
oldincludedir='/usr/include'
pc_requires=''
pdfdir='${docdir}'
plugindir='$(libexecdir)/htslib'
pluginpath='$(libexecdir)/htslib'
prefix='/usr/local'
private_LIBS='-Wl,-O2 -Wl,--sort-common -Wl,--as-needed -Wl,-z,relro -Wl,-z,now -Wl,--disable-new-dtags -Wl,--gc-sections -Wl,-rpath,/home/lindehui/miniconda3/envs/test_env/lib -Wl,-rpath-link,/home/lindehui/miniconda3/envs/test_env/lib -L/home/lindehui/miniconda3/envs/test_env/lib'
program_transform_name='s,x,x,'
psdir='${docdir}'
s3='enabled'
sbindir='${exec_prefix}/sbin'
sharedstatedir='${prefix}/com'
static_LDFLAGS='-Wl,-O2 -Wl,--sort-common -Wl,--as-needed -Wl,-z,relro -Wl,-z,now -Wl,--disable-new-dtags -Wl,--gc-sections -Wl,-rpath,/home/lindehui/miniconda3/envs/test_env/lib -Wl,-rpath-link,/home/lindehui/miniconda3/envs/test_env/lib -L/home/lindehui/miniconda3/envs/test_env/lib'
static_LIBS='-lpthread -lz -lm -lcurl -lcrypto'
sysconfdir='${prefix}/etc'
target_alias=''

## ----------- ##
## confdefs.h. ##
## ----------- ##

/* confdefs.h */
#define PACKAGE_NAME "HTSlib"
#define PACKAGE_TARNAME "htslib"
#define PACKAGE_VERSION "1.9"
#define PACKAGE_STRING "HTSlib 1.9"
#define PACKAGE_BUGREPORT "samtools-help@lists.sourceforge.net"
#define PACKAGE_URL "http://www.htslib.org/"
#define HAVE_FSEEKO 1
#define STDC_HEADERS 1
#define HAVE_SYS_TYPES_H 1
#define HAVE_SYS_STAT_H 1
#define HAVE_STDLIB_H 1
#define HAVE_STRING_H 1
#define HAVE_MEMORY_H 1
#define HAVE_STRINGS_H 1
#define HAVE_INTTYPES_H 1
#define HAVE_STDINT_H 1
#define HAVE_UNISTD_H 1
#define HAVE_STDLIB_H 1
#define HAVE_UNISTD_H 1
#define HAVE_SYS_PARAM_H 1
#define HAVE_GETPAGESIZE 1
#define HAVE_MMAP 1
#define HAVE_GMTIME_R 1
#define HAVE_FSYNC 1
#define HAVE_DRAND48 1
#define HAVE_FDATASYNC 1
#define HAVE_LIBZ 1
#define HAVE_LIBCURL 1
#define ENABLE_GCS 1
#define HAVE_HMAC 1
#define ENABLE_S3 1

configure: exit 0
